<?xml version="1.0" encoding="UTF-8"?>
<!-- Generated by org.testng.reporters.JUnitXMLReporter -->
<testsuite hostname="DESKTOP-UBQJ9QQ" ignored="2" name="Test" tests="2" failures="0" timestamp="18 May 2020 08:31:14 GMT" time="81.48" errors="0">
  <testcase name="test1" time="23.05" classname="Test.Sample"/>
  <testcase name="test" time="31.457" classname="Test.Demo"/>
  <testcase name="@BeforeTest openBrowser" time="0.0" classname="com.actitime.generics.Baseclass1">
    <ignored/>
  </testcase> <!-- @BeforeTest openBrowser -->
  <testcase name="@AfterTest closeBrowser" time="0.0" classname="com.actitime.generics.Baseclass1">
    <ignored/>
  </testcase> <!-- @AfterTest closeBrowser -->
</testsuite> <!-- Test -->
