<?xml version="1.0" encoding="UTF-8"?>
<testng-results skipped="0" failed="0" ignored="0" total="1" passed="1">
  <reporter-output>
  </reporter-output>
  <suite name="Suite" duration-ms="24718" started-at="2020-05-14T14:27:33Z" finished-at="2020-05-14T14:27:58Z">
    <groups>
    </groups>
    <test name="Test" duration-ms="24718" started-at="2020-05-14T14:27:33Z" finished-at="2020-05-14T14:27:58Z">
      <class name="Test.Sample">
        <test-method status="PASS" signature="openBrowser()[pri:0, instance:Test.Sample@31a5c39e]" name="openBrowser" is-config="true" duration-ms="4841" started-at="2020-05-14T14:27:33Z" finished-at="2020-05-14T14:27:38Z">
          <reporter-output>
          </reporter-output>
        </test-method> <!-- openBrowser -->
        <test-method status="PASS" signature="login()[pri:0, instance:Test.Sample@31a5c39e]" name="login" is-config="true" duration-ms="11296" started-at="2020-05-14T14:27:38Z" finished-at="2020-05-14T14:27:49Z">
          <reporter-output>
          </reporter-output>
        </test-method> <!-- login -->
        <test-method status="PASS" signature="test()[pri:0, instance:Test.Sample@31a5c39e]" name="test" duration-ms="46" started-at="2020-05-14T14:27:49Z" finished-at="2020-05-14T14:27:49Z">
          <reporter-output>
          </reporter-output>
        </test-method> <!-- test -->
        <test-method status="PASS" signature="logout()[pri:0, instance:Test.Sample@31a5c39e]" name="logout" is-config="true" duration-ms="8358" started-at="2020-05-14T14:27:49Z" finished-at="2020-05-14T14:27:58Z">
          <reporter-output>
          </reporter-output>
        </test-method> <!-- logout -->
        <test-method status="PASS" signature="closeBrowser()[pri:0, instance:Test.Sample@31a5c39e]" name="closeBrowser" is-config="true" duration-ms="158" started-at="2020-05-14T14:27:58Z" finished-at="2020-05-14T14:27:58Z">
          <reporter-output>
          </reporter-output>
        </test-method> <!-- closeBrowser -->
      </class> <!-- Test.Sample -->
    </test> <!-- Test -->
  </suite> <!-- Suite -->
</testng-results>
